<?xml version="1.0" encoding="UTF-8"?>
<testsuite xmlns:xsi="http://www.w3.org/2001/XMLSchema-instance" xsi:noNamespaceSchemaLocation="https://maven.apache.org/surefire/maven-surefire-plugin/xsd/surefire-test-report-3.0.xsd" version="3.0" name="com.proj.payment_service.PaymentServiceApplicationTests" time="8.829" tests="1" errors="0" skipped="0" failures="0">
  <properties>
[...]
</properties>
  <testcase name="contextLoads" classname="com.proj.payment_service.PaymentServiceApplicationTests" time="0.533">
    <system-out><![CDATA[17:14:23.391 [main] INFO org.springframework.test.context.support.AnnotationConfigContextLoaderUtils -- Could not detect default configuration classes for test class [com.proj.payment_service.PaymentServiceApplicationTests]: PaymentServiceApplicationTests does not declare any static, non-private, non-final, nested classes annotated with @Configuration.
17:14:23.527 [main] INFO org.springframework.boot.test.context.SpringBootTestContextBootstrapper -- Found @SpringBootConfiguration com.proj.payment_service.PaymentServiceApplication for test class com.proj.payment_service.PaymentServiceApplicationTests

  .   ____          _            __ _ _
 /\\ / ___'_ __ _ _(_)_ __  __ _ \ \ \ \
( ( )\___ | '_ | '_| | '_ \/ _` | \ \ \ \
 \\/  ___)| |_)| | | | | || (_| |  ) ) ) )
  '  |____| .__|_| |_|_| |_\__, | / / / /
 =========|_|==============|___/=/_/_/_/

 :: Spring Boot ::                (v3.3.1)

2024-07-27T17:14:24.195+03:00  INFO 13808 --- [payment-service] [           main] c.p.p.PaymentServiceApplicationTests     : Starting PaymentServiceApplicationTests using Java 21.0.1 with PID 13808 (started by nikit in E:\payment-service)
2024-07-27T17:14:24.197+03:00  INFO 13808 --- [payment-service] [           main] c.p.p.PaymentServiceApplicationTests     : No active profile set, falling back to 1 default profile: "default"
2024-07-27T17:14:25.290+03:00  INFO 13808 --- [payment-service] [           main] .s.d.r.c.RepositoryConfigurationDelegate : Bootstrapping Spring Data JPA repositories in DEFAULT mode.
2024-07-27T17:14:25.465+03:00  INFO 13808 --- [payment-service] [           main] .s.d.r.c.RepositoryConfigurationDelegate : Finished Spring Data repository scanning in 167 ms. Found 3 JPA repository interfaces.
2024-07-27T17:14:25.866+03:00  INFO 13808 --- [payment-service] [           main] o.s.cloud.context.scope.GenericScope     : BeanFactory id=c32b7aca-617c-3960-aba5-ab3b5c484d9a
2024-07-27T17:14:26.086+03:00  WARN 13808 --- [payment-service] [           main] trationDelegate$BeanPostProcessorChecker : Bean 'org.springframework.cloud.client.loadbalancer.LoadBalancerAutoConfiguration$DeferringLoadBalancerInterceptorConfig' of type [org.springframework.cloud.client.loadbalancer.LoadBalancerAutoConfiguration$DeferringLoadBalancerInterceptorConfig] is not eligible for getting processed by all BeanPostProcessors (for example: not eligible for auto-proxying). The currently created BeanPostProcessor [lbRestClientPostProcessor] is declared through a non-static factory method on that class; consider declaring it as static instead.
2024-07-27T17:14:26.089+03:00  WARN 13808 --- [payment-service] [           main] trationDelegate$BeanPostProcessorChecker : Bean 'deferringLoadBalancerInterceptor' of type [org.springframework.cloud.client.loadbalancer.DeferringLoadBalancerInterceptor] is not eligible for getting processed by all BeanPostProcessors (for example: not eligible for auto-proxying). Is this bean getting eagerly injected into a currently created BeanPostProcessor [lbRestClientPostProcessor]? Check the corresponding BeanPostProcessor declaration and its dependencies.
2024-07-27T17:14:26.093+03:00  WARN 13808 --- [payment-service] [           main] trationDelegate$BeanPostProcessorChecker : Bean 'org.springframework.cloud.client.loadbalancer.reactive.LoadBalancerBeanPostProcessorAutoConfiguration' of type [org.springframework.cloud.client.loadbalancer.reactive.LoadBalancerBeanPostProcessorAutoConfiguration] is not eligible for getting processed by all BeanPostProcessors (for example: not eligible for auto-proxying). The currently created BeanPostProcessor [loadBalancerWebClientBuilderBeanPostProcessor] is declared through a non-static factory method on that class; consider declaring it as static instead.
2024-07-27T17:14:26.094+03:00  WARN 13808 --- [payment-service] [           main] trationDelegate$BeanPostProcessorChecker : Bean 'org.springframework.cloud.client.loadbalancer.reactive.LoadBalancerBeanPostProcessorAutoConfiguration$ReactorDeferringLoadBalancerFilterConfig' of type [org.springframework.cloud.client.loadbalancer.reactive.LoadBalancerBeanPostProcessorAutoConfiguration$ReactorDeferringLoadBalancerFilterConfig] is not eligible for getting processed by all BeanPostProcessors (for example: not eligible for auto-proxying). Is this bean getting eagerly injected into a currently created BeanPostProcessor [loadBalancerWebClientBuilderBeanPostProcessor]? Check the corresponding BeanPostProcessor declaration and its dependencies.
2024-07-27T17:14:26.096+03:00  WARN 13808 --- [payment-service] [           main] trationDelegate$BeanPostProcessorChecker : Bean 'reactorDeferringLoadBalancerExchangeFilterFunction' of type [org.springframework.cloud.client.loadbalancer.reactive.DeferringLoadBalancerExchangeFilterFunction] is not eligible for getting processed by all BeanPostProcessors (for example: not eligible for auto-proxying). Is this bean getting eagerly injected into a currently created BeanPostProcessor [loadBalancerWebClientBuilderBeanPostProcessor]? Check the corresponding BeanPostProcessor declaration and its dependencies.
2024-07-27T17:14:26.311+03:00  INFO 13808 --- [payment-service] [           main] com.zaxxer.hikari.HikariDataSource       : HikariPool-1 - Starting...
2024-07-27T17:14:26.649+03:00  INFO 13808 --- [payment-service] [           main] com.zaxxer.hikari.pool.HikariPool        : HikariPool-1 - Added connection org.postgresql.jdbc.PgConnection@25d911a
2024-07-27T17:14:26.651+03:00  INFO 13808 --- [payment-service] [           main] com.zaxxer.hikari.HikariDataSource       : HikariPool-1 - Start completed.
2024-07-27T17:14:26.704+03:00  INFO 13808 --- [payment-service] [           main] o.hibernate.jpa.internal.util.LogHelper  : HHH000204: Processing PersistenceUnitInfo [name: default]
2024-07-27T17:14:26.770+03:00  INFO 13808 --- [payment-service] [           main] org.hibernate.Version                    : HHH000412: Hibernate ORM core version 6.5.2.Final
2024-07-27T17:14:26.813+03:00  INFO 13808 --- [payment-service] [           main] o.h.c.internal.RegionFactoryInitiator    : HHH000026: Second-level cache disabled
2024-07-27T17:14:27.150+03:00  INFO 13808 --- [payment-service] [           main] o.s.o.j.p.SpringPersistenceUnitInfo      : No LoadTimeWeaver setup: ignoring JPA class transformer
2024-07-27T17:14:27.207+03:00  WARN 13808 --- [payment-service] [           main] org.hibernate.orm.deprecation            : HHH90000025: PostgreSQLDialect does not need to be specified explicitly using 'hibernate.dialect' (remove the property setting and it will be selected by default)
2024-07-27T17:14:28.290+03:00  INFO 13808 --- [payment-service] [           main] o.h.e.t.j.p.i.JtaPlatformInitiator       : HHH000489: No JTA platform available (set 'hibernate.transaction.jta.platform' to enable JTA platform integration)
2024-07-27T17:14:28.293+03:00  INFO 13808 --- [payment-service] [           main] j.LocalContainerEntityManagerFactoryBean : Initialized JPA EntityManagerFactory for persistence unit 'default'
2024-07-27T17:14:29.401+03:00  WARN 13808 --- [payment-service] [           main] JpaBaseConfiguration$JpaWebConfiguration : spring.jpa.open-in-view is enabled by default. Therefore, database queries may be performed during view rendering. Explicitly configure spring.jpa.open-in-view to disable this warning
2024-07-27T17:14:29.512+03:00  WARN 13808 --- [payment-service] [           main] .s.s.UserDetailsServiceAutoConfiguration : 

Using generated security password: a43df1c0-e76b-493b-95b2-5ebcdf9f52dd

This generated password is for development use only. Your security configuration must be updated before running your application in production.

2024-07-27T17:14:29.572+03:00  INFO 13808 --- [payment-service] [           main] r$InitializeUserDetailsManagerConfigurer : Global AuthenticationManager configured with UserDetailsService bean with name inMemoryUserDetailsManager
2024-07-27T17:14:30.584+03:00  INFO 13808 --- [payment-service] [           main] DiscoveryClientOptionalArgsConfiguration : Eureka HTTP Client uses RestTemplate.
2024-07-27T17:14:30.656+03:00  WARN 13808 --- [payment-service] [           main] iguration$LoadBalancerCaffeineWarnLogger : Spring Cloud LoadBalancer is currently working with the default cache. While this cache implementation is useful for development and tests, it's recommended to use Caffeine cache in production.You can switch to using Caffeine cache, by adding it and org.springframework.cache.caffeine.CaffeineCacheManager to the classpath.
2024-07-27T17:14:30.730+03:00  INFO 13808 --- [payment-service] [           main] o.s.c.n.eureka.InstanceInfoFactory       : Setting initial instance status as: STARTING
2024-07-27T17:14:30.758+03:00  INFO 13808 --- [payment-service] [           main] com.netflix.discovery.DiscoveryClient    : Initializing Eureka in region us-east-1
2024-07-27T17:14:30.763+03:00  INFO 13808 --- [payment-service] [           main] c.n.d.s.r.aws.ConfigClusterResolver      : Resolving eureka endpoints via configuration
2024-07-27T17:14:30.774+03:00  INFO 13808 --- [payment-service] [           main] com.netflix.discovery.DiscoveryClient    : Disable delta property : false
2024-07-27T17:14:30.774+03:00  INFO 13808 --- [payment-service] [           main] com.netflix.discovery.DiscoveryClient    : Single vip registry refresh property : null
2024-07-27T17:14:30.774+03:00  INFO 13808 --- [payment-service] [           main] com.netflix.discovery.DiscoveryClient    : Force full registry fetch : false
2024-07-27T17:14:30.774+03:00  INFO 13808 --- [payment-service] [           main] com.netflix.discovery.DiscoveryClient    : Application is null : false
2024-07-27T17:14:30.774+03:00  INFO 13808 --- [payment-service] [           main] com.netflix.discovery.DiscoveryClient    : Registered Applications size is zero : true
2024-07-27T17:14:30.774+03:00  INFO 13808 --- [payment-service] [           main] com.netflix.discovery.DiscoveryClient    : Application version is -1: true
2024-07-27T17:14:30.775+03:00  INFO 13808 --- [payment-service] [           main] com.netflix.discovery.DiscoveryClient    : Getting all instance registry info from the eureka server
2024-07-27T17:14:31.111+03:00  INFO 13808 --- [payment-service] [           main] com.netflix.discovery.DiscoveryClient    : The response status is 200
2024-07-27T17:14:31.112+03:00  INFO 13808 --- [payment-service] [           main] com.netflix.discovery.DiscoveryClient    : Starting heartbeat executor: renew interval is: 30
2024-07-27T17:14:31.114+03:00  INFO 13808 --- [payment-service] [           main] c.n.discovery.InstanceInfoReplicator     : InstanceInfoReplicator onDemand update allowed rate per min is 4
2024-07-27T17:14:31.116+03:00  INFO 13808 --- [payment-service] [           main] com.netflix.discovery.DiscoveryClient    : Discovery Client initialized at timestamp 1722089671115 with initial instances count: 2
2024-07-27T17:14:31.119+03:00  INFO 13808 --- [payment-service] [           main] o.s.c.n.e.s.EurekaServiceRegistry        : Registering application PAYMENT-SERVICE with eureka with status UP
2024-07-27T17:14:31.120+03:00  INFO 13808 --- [payment-service] [           main] com.netflix.discovery.DiscoveryClient    : Saw local status change event StatusChangeEvent [timestamp=1722089671120, current=UP, previous=STARTING]
2024-07-27T17:14:31.122+03:00  INFO 13808 --- [payment-service] [foReplicator-%d] com.netflix.discovery.DiscoveryClient    : DiscoveryClient_PAYMENT-SERVICE/host.docker.internal:payment-service:8084: registering service...
2024-07-27T17:14:31.166+03:00  INFO 13808 --- [payment-service] [foReplicator-%d] com.netflix.discovery.DiscoveryClient    : DiscoveryClient_PAYMENT-SERVICE/host.docker.internal:payment-service:8084 - registration status: 204
2024-07-27T17:14:31.168+03:00  INFO 13808 --- [payment-service] [           main] o.a.k.clients.consumer.ConsumerConfig    : ConsumerConfig values: 
	allow.auto.create.topics = true
	auto.commit.interval.ms = 5000
	auto.include.jmx.reporter = true
	auto.offset.reset = latest
	bootstrap.servers = [localhost:9092]
	check.crcs = true
	client.dns.lookup = use_all_dns_ips
	client.id = consumer-payment_group-1
	client.rack = 
	connections.max.idle.ms = 540000
	default.api.timeout.ms = 60000
	enable.auto.commit = false
	enable.metrics.push = true
	exclude.internal.topics = true
	fetch.max.bytes = 52428800
	fetch.max.wait.ms = 500
	fetch.min.bytes = 1
	group.id = payment_group
	group.instance.id = null
	group.protocol = classic
	group.remote.assignor = null
	heartbeat.interval.ms = 3000
	interceptor.classes = []
	internal.leave.group.on.close = true
	internal.throw.on.fetch.stable.offset.unsupported = false
	isolation.level = read_uncommitted
	key.deserializer = class org.apache.kafka.common.serialization.StringDeserializer
	max.partition.fetch.bytes = 1048576
	max.poll.interval.ms = 300000
	max.poll.records = 500
	metadata.max.age.ms = 300000
	metric.reporters = []
	metrics.num.samples = 2
	metrics.recording.level = INFO
	metrics.sample.window.ms = 30000
	partition.assignment.strategy = [class org.apache.kafka.clients.consumer.RangeAssignor, class org.apache.kafka.clients.consumer.CooperativeStickyAssignor]
	receive.buffer.bytes = 65536
	reconnect.backoff.max.ms = 1000
	reconnect.backoff.ms = 50
	request.timeout.ms = 30000
	retry.backoff.max.ms = 1000
	retry.backoff.ms = 100
	sasl.client.callback.handler.class = null
	sasl.jaas.config = null
	sasl.kerberos.kinit.cmd = /usr/bin/kinit
	sasl.kerberos.min.time.before.relogin = 60000
	sasl.kerberos.service.name = null
	sasl.kerberos.ticket.renew.jitter = 0.05
	sasl.kerberos.ticket.renew.window.factor = 0.8
	sasl.login.callback.handler.class = null
	sasl.login.class = null
	sasl.login.connect.timeout.ms = null
	sasl.login.read.timeout.ms = null
	sasl.login.refresh.buffer.seconds = 300
	sasl.login.refresh.min.period.seconds = 60
	sasl.login.refresh.window.factor = 0.8
	sasl.login.refresh.window.jitter = 0.05
	sasl.login.retry.backoff.max.ms = 10000
	sasl.login.retry.backoff.ms = 100
	sasl.mechanism = GSSAPI
	sasl.oauthbearer.clock.skew.seconds = 30
	sasl.oauthbearer.expected.audience = null
	sasl.oauthbearer.expected.issuer = null
	sasl.oauthbearer.jwks.endpoint.refresh.ms = 3600000
	sasl.oauthbearer.jwks.endpoint.retry.backoff.max.ms = 10000
	sasl.oauthbearer.jwks.endpoint.retry.backoff.ms = 100
	sasl.oauthbearer.jwks.endpoint.url = null
	sasl.oauthbearer.scope.claim.name = scope
	sasl.oauthbearer.sub.claim.name = sub
	sasl.oauthbearer.token.endpoint.url = null
	security.protocol = PLAINTEXT
	security.providers = null
	send.buffer.bytes = 131072
	session.timeout.ms = 45000
	socket.connection.setup.timeout.max.ms = 30000
	socket.connection.setup.timeout.ms = 10000
	ssl.cipher.suites = null
	ssl.enabled.protocols = [TLSv1.2, TLSv1.3]
	ssl.endpoint.identification.algorithm = https
	ssl.engine.factory.class = null
	ssl.key.password = null
	ssl.keymanager.algorithm = SunX509
	ssl.keystore.certificate.chain = null
	ssl.keystore.key = null
	ssl.keystore.location = null
	ssl.keystore.password = null
	ssl.keystore.type = JKS
	ssl.protocol = TLSv1.3
	ssl.provider = null
	ssl.secure.random.implementation = null
	ssl.trustmanager.algorithm = PKIX
	ssl.truststore.certificates = null
	ssl.truststore.location = null
	ssl.truststore.password = null
	ssl.truststore.type = JKS
	value.deserializer = class org.springframework.kafka.support.serializer.ErrorHandlingDeserializer

2024-07-27T17:14:31.228+03:00  INFO 13808 --- [payment-service] [           main] o.a.k.c.t.i.KafkaMetricsCollector        : initializing Kafka metrics collector
2024-07-27T17:14:31.422+03:00  INFO 13808 --- [payment-service] [           main] o.a.k.clients.consumer.ConsumerConfig    : These configurations '[spring.json.trusted.packages, spring.deserializer.value.delegate.class]' were supplied but are not used yet.
2024-07-27T17:14:31.424+03:00  INFO 13808 --- [payment-service] [           main] o.a.kafka.common.utils.AppInfoParser     : Kafka version: 3.7.0
2024-07-27T17:14:31.424+03:00  INFO 13808 --- [payment-service] [           main] o.a.kafka.common.utils.AppInfoParser     : Kafka commitId: 2ae524ed625438c5
2024-07-27T17:14:31.424+03:00  INFO 13808 --- [payment-service] [           main] o.a.kafka.common.utils.AppInfoParser     : Kafka startTimeMs: 1722089671422
2024-07-27T17:14:31.428+03:00  INFO 13808 --- [payment-service] [           main] o.a.k.c.c.internals.LegacyKafkaConsumer  : [Consumer clientId=consumer-payment_group-1, groupId=payment_group] Subscribed to topic(s): rental_topic
2024-07-27T17:14:31.447+03:00  INFO 13808 --- [payment-service] [           main] c.p.p.PaymentServiceApplicationTests     : Started PaymentServiceApplicationTests in 7.727 seconds (process running for 9.052)
2024-07-27T17:14:31.847+03:00  INFO 13808 --- [payment-service] [ntainer#0-0-C-1] org.apache.kafka.clients.Metadata        : [Consumer clientId=consumer-payment_group-1, groupId=payment_group] Cluster ID: JgBdaNHKQHGjma0-65_qNA
2024-07-27T17:14:31.848+03:00  INFO 13808 --- [payment-service] [ntainer#0-0-C-1] o.a.k.c.c.internals.ConsumerCoordinator  : [Consumer clientId=consumer-payment_group-1, groupId=payment_group] Discovered group coordinator DESKTOP-LART8NT.mshome.net:9092 (id: 2147483647 rack: null)
2024-07-27T17:14:31.852+03:00  INFO 13808 --- [payment-service] [ntainer#0-0-C-1] o.a.k.c.c.internals.ConsumerCoordinator  : [Consumer clientId=consumer-payment_group-1, groupId=payment_group] (Re-)joining group
2024-07-27T17:14:31.878+03:00  INFO 13808 --- [payment-service] [ntainer#0-0-C-1] o.a.k.c.c.internals.ConsumerCoordinator  : [Consumer clientId=consumer-payment_group-1, groupId=payment_group] Request joining group due to: need to re-join with the given member-id: consumer-payment_group-1-b6f03dec-b468-4479-9769-4b2c776a1f27
2024-07-27T17:14:31.878+03:00  INFO 13808 --- [payment-service] [ntainer#0-0-C-1] o.a.k.c.c.internals.ConsumerCoordinator  : [Consumer clientId=consumer-payment_group-1, groupId=payment_group] (Re-)joining group
2024-07-27T17:14:31.891+03:00  INFO 13808 --- [payment-service] [ntainer#0-0-C-1] o.a.k.c.c.internals.ConsumerCoordinator  : [Consumer clientId=consumer-payment_group-1, groupId=payment_group] Successfully joined group with generation Generation{generationId=69, memberId='consumer-payment_group-1-b6f03dec-b468-4479-9769-4b2c776a1f27', protocol='range'}
2024-07-27T17:14:31.900+03:00  INFO 13808 --- [payment-service] [ntainer#0-0-C-1] o.a.k.c.c.internals.ConsumerCoordinator  : [Consumer clientId=consumer-payment_group-1, groupId=payment_group] Finished assignment for group at generation 69: {consumer-payment_group-1-b6f03dec-b468-4479-9769-4b2c776a1f27=Assignment(partitions=[rental_topic-0])}
2024-07-27T17:14:31.945+03:00  INFO 13808 --- [payment-service] [ntainer#0-0-C-1] o.a.k.c.c.internals.ConsumerCoordinator  : [Consumer clientId=consumer-payment_group-1, groupId=payment_group] Successfully synced group in generation Generation{generationId=69, memberId='consumer-payment_group-1-b6f03dec-b468-4479-9769-4b2c776a1f27', protocol='range'}
2024-07-27T17:14:31.946+03:00  INFO 13808 --- [payment-service] [ntainer#0-0-C-1] o.a.k.c.c.internals.ConsumerCoordinator  : [Consumer clientId=consumer-payment_group-1, groupId=payment_group] Notifying assignor about the new Assignment(partitions=[rental_topic-0])
2024-07-27T17:14:31.948+03:00  INFO 13808 --- [payment-service] [ntainer#0-0-C-1] k.c.c.i.ConsumerRebalanceListenerInvoker : [Consumer clientId=consumer-payment_group-1, groupId=payment_group] Adding newly assigned partitions: rental_topic-0
2024-07-27T17:14:31.967+03:00  INFO 13808 --- [payment-service] [ntainer#0-0-C-1] o.a.k.c.c.internals.ConsumerUtils        : Setting offset for partition rental_topic-0 to the committed offset FetchPosition{offset=72, offsetEpoch=Optional.empty, currentLeader=LeaderAndEpoch{leader=Optional[DESKTOP-LART8NT.mshome.net:9092 (id: 0 rack: null)], epoch=0}}
2024-07-27T17:14:31.969+03:00  INFO 13808 --- [payment-service] [ntainer#0-0-C-1] o.s.k.l.KafkaMessageListenerContainer    : payment_group: partitions assigned: [rental_topic-0]
]]></system-out>
    <system-err><![CDATA[WARNING: A Java agent has been loaded dynamically (C:\Users\nikit\.m2\repository\net\bytebuddy\byte-buddy-agent\1.14.17\byte-buddy-agent-1.14.17.jar)
WARNING: If a serviceability tool is in use, please run with -XX:+EnableDynamicAgentLoading to hide this warning
WARNING: If a serviceability tool is not in use, please run with -Djdk.instrument.traceUsage for more information
WARNING: Dynamic loading of agents will be disallowed by default in a future release
]]></system-err>
  </testcase>
</testsuite>